<?xml version="1.0" encoding="UTF-8"?>
<testng-results skipped="0" failed="0" total="1" passed="1">
  <reporter-output>
  </reporter-output>
  <suite name="Default suite" duration-ms="8855" started-at="2020-04-17T04:17:39Z" finished-at="2020-04-17T04:17:48Z">
    <groups>
    </groups>
    <test name="Default test" duration-ms="8855" started-at="2020-04-17T04:17:39Z" finished-at="2020-04-17T04:17:48Z">
      <class name="first.screensort">
        <test-method status="PASS" signature="testGuru99TakeScreenShot()[pri:0, instance:first.screensort@4439f31e]" name="testGuru99TakeScreenShot" duration-ms="8816" started-at="2020-04-17T09:47:39Z" finished-at="2020-04-17T09:47:48Z">
          <reporter-output>
          </reporter-output>
        </test-method> <!-- testGuru99TakeScreenShot -->
      </class> <!-- first.screensort -->
    </test> <!-- Default test -->
  </suite> <!-- Default suite -->
</testng-results>
